<?xml version="1.0" encoding="UTF-8"?>
<coverage generated="1682083800204" clover="3.2.0">
  <project timestamp="1682083800204" name="All files">
    <metrics statements="89" coveredstatements="89" conditionals="21" coveredconditionals="20" methods="18" coveredmethods="18" elements="128" coveredelements="127" complexity="0" loc="89" ncloc="89" packages="1" files="4" classes="4"/>
    <file name="card.js" path="C:\Users\alex3\Documents\SetMitg\card.js">
      <metrics statements="3" coveredstatements="3" conditionals="0" coveredconditionals="0" methods="1" coveredmethods="1"/>
      <line num="14" count="291" type="stmt"/>
      <line num="15" count="291" type="stmt"/>
      <line num="16" count="291" type="stmt"/>
    </file>
    <file name="deck.js" path="C:\Users\alex3\Documents\SetMitg\deck.js">
      <metrics statements="17" coveredstatements="17" conditionals="4" coveredconditionals="4" methods="4" coveredmethods="4"/>
      <line num="12" count="9" type="stmt"/>
      <line num="22" count="8" type="stmt"/>
      <line num="30" count="7" type="stmt"/>
      <line num="31" count="7" type="stmt"/>
      <line num="33" count="7" type="stmt"/>
      <line num="34" count="28" type="stmt"/>
      <line num="37" count="336" type="cond" truecount="2" falsecount="0"/>
      <line num="38" count="196" type="stmt"/>
      <line num="39" count="196" type="stmt"/>
      <line num="40" count="140" type="cond" truecount="2" falsecount="0"/>
      <line num="41" count="84" type="stmt"/>
      <line num="42" count="84" type="stmt"/>
      <line num="46" count="7" type="stmt"/>
      <line num="55" count="8" type="stmt"/>
      <line num="56" count="8" type="stmt"/>
      <line num="57" count="8" type="stmt"/>
      <line num="58" count="8" type="stmt"/>
    </file>
    <file name="game.js" path="C:\Users\alex3\Documents\SetMitg\game.js">
      <metrics statements="61" coveredstatements="61" conditionals="17" coveredconditionals="16" methods="9" coveredmethods="9"/>
      <line num="12" count="9" type="stmt"/>
      <line num="13" count="9" type="stmt"/>
      <line num="14" count="9" type="stmt"/>
      <line num="24" count="1" type="stmt"/>
      <line num="25" count="1" type="stmt"/>
      <line num="26" count="1" type="stmt"/>
      <line num="27" count="1" type="stmt"/>
      <line num="28" count="1" type="stmt"/>
      <line num="29" count="1" type="stmt"/>
      <line num="30" count="1" type="stmt"/>
      <line num="31" count="1" type="stmt"/>
      <line num="32" count="1" type="stmt"/>
      <line num="33" count="1" type="stmt"/>
      <line num="34" count="1" type="stmt"/>
      <line num="35" count="1" type="stmt"/>
      <line num="36" count="1" type="stmt"/>
      <line num="49" count="6" type="stmt"/>
      <line num="51" count="6" type="stmt"/>
      <line num="52" count="6" type="stmt"/>
      <line num="53" count="6" type="stmt"/>
      <line num="54" count="6" type="stmt"/>
      <line num="56" count="6" type="cond" truecount="2" falsecount="0"/>
      <line num="57" count="2" type="stmt"/>
      <line num="58" count="2" type="stmt"/>
      <line num="59" count="2" type="stmt"/>
      <line num="60" count="2" type="stmt"/>
      <line num="61" count="4" type="cond" truecount="1" falsecount="1"/>
      <line num="62" count="4" type="stmt"/>
      <line num="63" count="4" type="stmt"/>
      <line num="64" count="4" type="stmt"/>
      <line num="65" count="4" type="stmt"/>
      <line num="66" count="4" type="stmt"/>
      <line num="78" count="3" type="stmt"/>
      <line num="79" count="3" type="cond" truecount="2" falsecount="0"/>
      <line num="80" count="2" type="stmt"/>
      <line num="82" count="1" type="stmt"/>
      <line num="83" count="1" type="stmt"/>
      <line num="84" count="2" type="stmt"/>
      <line num="85" count="2" type="cond" truecount="2" falsecount="0"/>
      <line num="86" count="1" type="stmt"/>
      <line num="87" count="1" type="stmt"/>
      <line num="98" count="3" type="stmt"/>
      <line num="99" count="3" type="cond" truecount="2" falsecount="0"/>
      <line num="100" count="1" type="stmt"/>
      <line num="111" count="10" type="stmt"/>
      <line num="112" count="10" type="stmt"/>
      <line num="114" count="10" type="cond" truecount="5" falsecount="0"/>
      <line num="115" count="4" type="stmt"/>
      <line num="116" count="6" type="cond" truecount="2" falsecount="0"/>
      <line num="117" count="1" type="stmt"/>
      <line num="119" count="5" type="stmt"/>
      <line num="130" count="1" type="stmt"/>
      <line num="131" count="1" type="stmt"/>
      <line num="140" count="5" type="stmt"/>
      <line num="141" count="5" type="stmt"/>
      <line num="151" count="1" type="stmt"/>
      <line num="152" count="1" type="stmt"/>
      <line num="153" count="1" type="stmt"/>
      <line num="154" count="1" type="stmt"/>
      <line num="155" count="1" type="stmt"/>
      <line num="156" count="1" type="stmt"/>
    </file>
    <file name="jugador.js" path="C:\Users\alex3\Documents\SetMitg\jugador.js">
      <metrics statements="8" coveredstatements="8" conditionals="0" coveredconditionals="0" methods="4" coveredmethods="4"/>
      <line num="10" count="18" type="stmt"/>
      <line num="11" count="18" type="stmt"/>
      <line num="12" count="18" type="stmt"/>
      <line num="21" count="19" type="stmt"/>
      <line num="22" count="19" type="stmt"/>
      <line num="31" count="23" type="stmt"/>
      <line num="39" count="2" type="stmt"/>
      <line num="40" count="2" type="stmt"/>
    </file>
  </project>
</coverage>
