{"C:\\Users\\alex3\\Documents\\SetMitg\\card.js": {"path":"C:\\Users\\alex3\\Documents\\SetMitg\\card.js","statementMap":{"0":{"start":{"line":14,"column":4},"end":{"line":14,"column":21}},"1":{"start":{"line":15,"column":4},"end":{"line":15,"column":23}},"2":{"start":{"line":16,"column":4},"end":{"line":16,"column":25}}},"fnMap":{"0":{"name":"(anonymous_0)","decl":{"start":{"line":13,"column":2},"end":{"line":13,"column":3}},"loc":{"start":{"line":13,"column":35},"end":{"line":17,"column":3}},"line":13}},"branchMap":{},"s":{"0":291,"1":291,"2":291},"f":{"0":291},"b":{},"_coverageSchema":"1a1c01bbd47fc00a2c39e90264f33305004495a9","hash":"885ff45f1af4d0dcbb258565401ccc10db2370e8"}
,"C:\\Users\\alex3\\Documents\\SetMitg\\deck.js": {"path":"C:\\Users\\alex3\\Documents\\SetMitg\\deck.js","statementMap":{"0":{"start":{"line":12,"column":4},"end":{"line":12,"column":19}},"1":{"start":{"line":22,"column":4},"end":{"line":22,"column":35}},"2":{"start":{"line":30,"column":17},"end":{"line":30,"column":55}},"3":{"start":{"line":31,"column":19},"end":{"line":31,"column":21}},"4":{"start":{"line":33,"column":4},"end":{"line":45,"column":5}},"5":{"start":{"line":34,"column":6},"end":{"line":44,"column":7}},"6":{"start":{"line":34,"column":19},"end":{"line":34,"column":20}},"7":{"start":{"line":37,"column":8},"end":{"line":43,"column":9}},"8":{"start":{"line":38,"column":10},"end":{"line":38,"column":35}},"9":{"start":{"line":39,"column":10},"end":{"line":39,"column":28}},"10":{"start":{"line":40,"column":15},"end":{"line":43,"column":9}},"11":{"start":{"line":41,"column":10},"end":{"line":41,"column":37}},"12":{"start":{"line":42,"column":10},"end":{"line":42,"column":28}},"13":{"start":{"line":46,"column":4},"end":{"line":46,"column":24}},"14":{"start":{"line":55,"column":27},"end":{"line":55,"column":74}},"15":{"start":{"line":56,"column":18},"end":{"line":56,"column":46}},"16":{"start":{"line":57,"column":4},"end":{"line":57,"column":31}},"17":{"start":{"line":58,"column":4},"end":{"line":58,"column":17}}},"fnMap":{"0":{"name":"(anonymous_0)","decl":{"start":{"line":11,"column":2},"end":{"line":11,"column":3}},"loc":{"start":{"line":11,"column":16},"end":{"line":13,"column":3}},"line":11},"1":{"name":"(anonymous_1)","decl":{"start":{"line":21,"column":2},"end":{"line":21,"column":3}},"loc":{"start":{"line":21,"column":16},"end":{"line":23,"column":3}},"line":21},"2":{"name":"(anonymous_2)","decl":{"start":{"line":29,"column":2},"end":{"line":29,"column":3}},"loc":{"start":{"line":29,"column":15},"end":{"line":47,"column":3}},"line":29},"3":{"name":"(anonymous_3)","decl":{"start":{"line":54,"column":2},"end":{"line":54,"column":3}},"loc":{"start":{"line":54,"column":12},"end":{"line":59,"column":3}},"line":54}},"branchMap":{"0":{"loc":{"start":{"line":37,"column":8},"end":{"line":43,"column":9}},"type":"if","locations":[{"start":{"line":37,"column":8},"end":{"line":43,"column":9}},{"start":{"line":40,"column":15},"end":{"line":43,"column":9}}],"line":37},"1":{"loc":{"start":{"line":40,"column":15},"end":{"line":43,"column":9}},"type":"if","locations":[{"start":{"line":40,"column":15},"end":{"line":43,"column":9}},{"start":{},"end":{}}],"line":40}},"s":{"0":9,"1":8,"2":7,"3":7,"4":7,"5":28,"6":28,"7":336,"8":196,"9":196,"10":140,"11":84,"12":84,"13":7,"14":8,"15":8,"16":8,"17":8},"f":{"0":9,"1":8,"2":7,"3":8},"b":{"0":[196,140],"1":[84,56]},"_coverageSchema":"1a1c01bbd47fc00a2c39e90264f33305004495a9","hash":"229cb90a2eed4f8c049be418ed850cbc8b0cdaf8"}
,"C:\\Users\\alex3\\Documents\\SetMitg\\game.js": {"path":"C:\\Users\\alex3\\Documents\\SetMitg\\game.js","statementMap":{"0":{"start":{"line":12,"column":4},"end":{"line":12,"column":25}},"1":{"start":{"line":13,"column":4},"end":{"line":13,"column":29}},"2":{"start":{"line":14,"column":4},"end":{"line":14,"column":23}},"3":{"start":{"line":24,"column":15},"end":{"line":24,"column":33}},"4":{"start":{"line":25,"column":16},"end":{"line":25,"column":66}},"5":{"start":{"line":26,"column":4},"end":{"line":26,"column":26}},"6":{"start":{"line":27,"column":4},"end":{"line":27,"column":49}},"7":{"start":{"line":28,"column":15},"end":{"line":28,"column":44}},"8":{"start":{"line":29,"column":4},"end":{"line":29,"column":42}},"9":{"start":{"line":30,"column":4},"end":{"line":30,"column":30}},"10":{"start":{"line":31,"column":4},"end":{"line":31,"column":63}},"11":{"start":{"line":32,"column":4},"end":{"line":32,"column":28}},"12":{"start":{"line":33,"column":4},"end":{"line":33,"column":51}},"13":{"start":{"line":34,"column":4},"end":{"line":34,"column":41}},"14":{"start":{"line":35,"column":4},"end":{"line":35,"column":44}},"15":{"start":{"line":36,"column":4},"end":{"line":36,"column":35}},"16":{"start":{"line":49,"column":17},"end":{"line":49,"column":35}},"17":{"start":{"line":51,"column":18},"end":{"line":51,"column":68}},"18":{"start":{"line":52,"column":20},"end":{"line":52,"column":48}},"19":{"start":{"line":53,"column":4},"end":{"line":53,"column":68}},"20":{"start":{"line":54,"column":17},"end":{"line":54,"column":46}},"21":{"start":{"line":56,"column":4},"end":{"line":67,"column":5}},"22":{"start":{"line":57,"column":6},"end":{"line":57,"column":45}},"23":{"start":{"line":58,"column":6},"end":{"line":58,"column":44}},"24":{"start":{"line":59,"column":6},"end":{"line":59,"column":28}},"25":{"start":{"line":60,"column":6},"end":{"line":60,"column":31}},"26":{"start":{"line":61,"column":11},"end":{"line":67,"column":5}},"27":{"start":{"line":62,"column":6},"end":{"line":62,"column":47}},"28":{"start":{"line":63,"column":6},"end":{"line":63,"column":46}},"29":{"start":{"line":64,"column":6},"end":{"line":64,"column":30}},"30":{"start":{"line":65,"column":18},"end":{"line":65,"column":44}},"31":{"start":{"line":66,"column":6},"end":{"line":66,"column":17}},"32":{"start":{"line":78,"column":14},"end":{"line":78,"column":40}},"33":{"start":{"line":79,"column":4},"end":{"line":90,"column":5}},"34":{"start":{"line":80,"column":6},"end":{"line":80,"column":27}},"35":{"start":{"line":82,"column":20},"end":{"line":82,"column":24}},"36":{"start":{"line":83,"column":6},"end":{"line":89,"column":7}},"37":{"start":{"line":84,"column":8},"end":{"line":84,"column":48}},"38":{"start":{"line":85,"column":8},"end":{"line":88,"column":9}},"39":{"start":{"line":86,"column":10},"end":{"line":86,"column":31}},"40":{"start":{"line":87,"column":10},"end":{"line":87,"column":26}},"41":{"start":{"line":98,"column":24},"end":{"line":98,"column":47}},"42":{"start":{"line":99,"column":4},"end":{"line":101,"column":5}},"43":{"start":{"line":100,"column":6},"end":{"line":100,"column":34}},"44":{"start":{"line":111,"column":22},"end":{"line":111,"column":45}},"45":{"start":{"line":112,"column":23},"end":{"line":112,"column":48}},"46":{"start":{"line":114,"column":4},"end":{"line":120,"column":5}},"47":{"start":{"line":115,"column":6},"end":{"line":115,"column":24}},"48":{"start":{"line":116,"column":11},"end":{"line":120,"column":5}},"49":{"start":{"line":117,"column":6},"end":{"line":117,"column":22}},"50":{"start":{"line":119,"column":6},"end":{"line":119,"column":24}},"51":{"start":{"line":130,"column":4},"end":{"line":130,"column":34}},"52":{"start":{"line":131,"column":4},"end":{"line":131,"column":33}},"53":{"start":{"line":140,"column":4},"end":{"line":140,"column":34}},"54":{"start":{"line":141,"column":4},"end":{"line":141,"column":46}},"55":{"start":{"line":151,"column":4},"end":{"line":151,"column":28}},"56":{"start":{"line":152,"column":4},"end":{"line":152,"column":29}},"57":{"start":{"line":153,"column":4},"end":{"line":153,"column":31}},"58":{"start":{"line":154,"column":4},"end":{"line":154,"column":35}},"59":{"start":{"line":155,"column":4},"end":{"line":155,"column":36}},"60":{"start":{"line":156,"column":4},"end":{"line":156,"column":38}}},"fnMap":{"0":{"name":"(anonymous_0)","decl":{"start":{"line":11,"column":2},"end":{"line":11,"column":3}},"loc":{"start":{"line":11,"column":39},"end":{"line":15,"column":3}},"line":11},"1":{"name":"(anonymous_1)","decl":{"start":{"line":23,"column":2},"end":{"line":23,"column":3}},"loc":{"start":{"line":23,"column":20},"end":{"line":37,"column":3}},"line":23},"2":{"name":"(anonymous_2)","decl":{"start":{"line":48,"column":2},"end":{"line":48,"column":3}},"loc":{"start":{"line":48,"column":28},"end":{"line":68,"column":3}},"line":48},"3":{"name":"(anonymous_3)","decl":{"start":{"line":77,"column":2},"end":{"line":77,"column":3}},"loc":{"start":{"line":77,"column":26},"end":{"line":91,"column":3}},"line":77},"4":{"name":"(anonymous_4)","decl":{"start":{"line":97,"column":2},"end":{"line":97,"column":3}},"loc":{"start":{"line":97,"column":22},"end":{"line":102,"column":3}},"line":97},"5":{"name":"(anonymous_5)","decl":{"start":{"line":110,"column":2},"end":{"line":110,"column":3}},"loc":{"start":{"line":110,"column":24},"end":{"line":121,"column":3}},"line":110},"6":{"name":"(anonymous_6)","decl":{"start":{"line":129,"column":2},"end":{"line":129,"column":3}},"loc":{"start":{"line":129,"column":22},"end":{"line":132,"column":3}},"line":129},"7":{"name":"(anonymous_7)","decl":{"start":{"line":139,"column":2},"end":{"line":139,"column":3}},"loc":{"start":{"line":139,"column":25},"end":{"line":142,"column":3}},"line":139},"8":{"name":"(anonymous_8)","decl":{"start":{"line":150,"column":2},"end":{"line":150,"column":3}},"loc":{"start":{"line":150,"column":22},"end":{"line":157,"column":3}},"line":150}},"branchMap":{"0":{"loc":{"start":{"line":56,"column":4},"end":{"line":67,"column":5}},"type":"if","locations":[{"start":{"line":56,"column":4},"end":{"line":67,"column":5}},{"start":{"line":61,"column":11},"end":{"line":67,"column":5}}],"line":56},"1":{"loc":{"start":{"line":61,"column":11},"end":{"line":67,"column":5}},"type":"if","locations":[{"start":{"line":61,"column":11},"end":{"line":67,"column":5}},{"start":{},"end":{}}],"line":61},"2":{"loc":{"start":{"line":79,"column":4},"end":{"line":90,"column":5}},"type":"if","locations":[{"start":{"line":79,"column":4},"end":{"line":90,"column":5}},{"start":{"line":81,"column":11},"end":{"line":90,"column":5}}],"line":79},"3":{"loc":{"start":{"line":85,"column":8},"end":{"line":88,"column":9}},"type":"if","locations":[{"start":{"line":85,"column":8},"end":{"line":88,"column":9}},{"start":{},"end":{}}],"line":85},"4":{"loc":{"start":{"line":99,"column":4},"end":{"line":101,"column":5}},"type":"if","locations":[{"start":{"line":99,"column":4},"end":{"line":101,"column":5}},{"start":{},"end":{}}],"line":99},"5":{"loc":{"start":{"line":114,"column":4},"end":{"line":120,"column":5}},"type":"if","locations":[{"start":{"line":114,"column":4},"end":{"line":120,"column":5}},{"start":{"line":116,"column":11},"end":{"line":120,"column":5}}],"line":114},"6":{"loc":{"start":{"line":114,"column":8},"end":{"line":114,"column":76}},"type":"binary-expr","locations":[{"start":{"line":114,"column":8},"end":{"line":114,"column":30}},{"start":{"line":114,"column":34},"end":{"line":114,"column":51}},{"start":{"line":114,"column":54},"end":{"line":114,"column":76}}],"line":114},"7":{"loc":{"start":{"line":116,"column":11},"end":{"line":120,"column":5}},"type":"if","locations":[{"start":{"line":116,"column":11},"end":{"line":120,"column":5}},{"start":{"line":118,"column":11},"end":{"line":120,"column":5}}],"line":116}},"s":{"0":9,"1":9,"2":9,"3":1,"4":1,"5":1,"6":1,"7":1,"8":1,"9":1,"10":1,"11":1,"12":1,"13":1,"14":1,"15":1,"16":6,"17":6,"18":6,"19":6,"20":6,"21":6,"22":2,"23":2,"24":2,"25":2,"26":4,"27":4,"28":4,"29":4,"30":4,"31":4,"32":3,"33":3,"34":2,"35":1,"36":1,"37":2,"38":2,"39":1,"40":1,"41":3,"42":3,"43":1,"44":10,"45":10,"46":10,"47":4,"48":6,"49":1,"50":5,"51":1,"52":1,"53":5,"54":5,"55":1,"56":1,"57":1,"58":1,"59":1,"60":1},"f":{"0":9,"1":1,"2":6,"3":3,"4":3,"5":10,"6":1,"7":5,"8":1},"b":{"0":[2,4],"1":[4,0],"2":[2,1],"3":[1,1],"4":[1,2],"5":[4,6],"6":[10,3,8],"7":[1,5]},"_coverageSchema":"1a1c01bbd47fc00a2c39e90264f33305004495a9","hash":"01012b14a5114a14e7fa532c18aaa1093f0f6373"}
,"C:\\Users\\alex3\\Documents\\SetMitg\\jugador.js": {"path":"C:\\Users\\alex3\\Documents\\SetMitg\\jugador.js","statementMap":{"0":{"start":{"line":10,"column":4},"end":{"line":10,"column":20}},"1":{"start":{"line":11,"column":4},"end":{"line":11,"column":21}},"2":{"start":{"line":12,"column":4},"end":{"line":12,"column":20}},"3":{"start":{"line":21,"column":4},"end":{"line":21,"column":27}},"4":{"start":{"line":22,"column":4},"end":{"line":22,"column":31}},"5":{"start":{"line":31,"column":4},"end":{"line":31,"column":23}},"6":{"start":{"line":39,"column":4},"end":{"line":39,"column":20}},"7":{"start":{"line":40,"column":4},"end":{"line":40,"column":20}}},"fnMap":{"0":{"name":"(anonymous_0)","decl":{"start":{"line":9,"column":2},"end":{"line":9,"column":3}},"loc":{"start":{"line":9,"column":20},"end":{"line":13,"column":3}},"line":9},"1":{"name":"(anonymous_1)","decl":{"start":{"line":20,"column":2},"end":{"line":20,"column":3}},"loc":{"start":{"line":20,"column":13},"end":{"line":23,"column":3}},"line":20},"2":{"name":"(anonymous_2)","decl":{"start":{"line":30,"column":2},"end":{"line":30,"column":3}},"loc":{"start":{"line":30,"column":14},"end":{"line":32,"column":3}},"line":30},"3":{"name":"(anonymous_3)","decl":{"start":{"line":38,"column":2},"end":{"line":38,"column":3}},"loc":{"start":{"line":38,"column":15},"end":{"line":41,"column":3}},"line":38}},"branchMap":{},"s":{"0":18,"1":18,"2":18,"3":19,"4":19,"5":23,"6":2,"7":2},"f":{"0":18,"1":19,"2":23,"3":2},"b":{},"_coverageSchema":"1a1c01bbd47fc00a2c39e90264f33305004495a9","hash":"2591125a0e2dca9e23726848cf0cf05c8e93464a"}
}
