TN:
SF:card.js
FN:13,(anonymous_0)
FNF:1
FNH:1
FNDA:291,(anonymous_0)
DA:14,291
DA:15,291
DA:16,291
LF:3
LH:3
BRF:0
BRH:0
end_of_record
TN:
SF:deck.js
FN:11,(anonymous_0)
FN:21,(anonymous_1)
FN:29,(anonymous_2)
FN:54,(anonymous_3)
FNF:4
FNH:4
FNDA:9,(anonymous_0)
FNDA:8,(anonymous_1)
FNDA:7,(anonymous_2)
FNDA:8,(anonymous_3)
DA:12,9
DA:22,8
DA:30,7
DA:31,7
DA:33,7
DA:34,28
DA:37,336
DA:38,196
DA:39,196
DA:40,140
DA:41,84
DA:42,84
DA:46,7
DA:55,8
DA:56,8
DA:57,8
DA:58,8
LF:17
LH:17
BRDA:37,0,0,196
BRDA:37,0,1,140
BRDA:40,1,0,84
BRDA:40,1,1,56
BRF:4
BRH:4
end_of_record
TN:
SF:game.js
FN:11,(anonymous_0)
FN:23,(anonymous_1)
FN:48,(anonymous_2)
FN:77,(anonymous_3)
FN:97,(anonymous_4)
FN:110,(anonymous_5)
FN:129,(anonymous_6)
FN:139,(anonymous_7)
FN:150,(anonymous_8)
FNF:9
FNH:9
FNDA:9,(anonymous_0)
FNDA:1,(anonymous_1)
FNDA:6,(anonymous_2)
FNDA:3,(anonymous_3)
FNDA:3,(anonymous_4)
FNDA:10,(anonymous_5)
FNDA:1,(anonymous_6)
FNDA:5,(anonymous_7)
FNDA:1,(anonymous_8)
DA:12,9
DA:13,9
DA:14,9
DA:24,1
DA:25,1
DA:26,1
DA:27,1
DA:28,1
DA:29,1
DA:30,1
DA:31,1
DA:32,1
DA:33,1
DA:34,1
DA:35,1
DA:36,1
DA:49,6
DA:51,6
DA:52,6
DA:53,6
DA:54,6
DA:56,6
DA:57,2
DA:58,2
DA:59,2
DA:60,2
DA:61,4
DA:62,4
DA:63,4
DA:64,4
DA:65,4
DA:66,4
DA:78,3
DA:79,3
DA:80,2
DA:82,1
DA:83,1
DA:84,2
DA:85,2
DA:86,1
DA:87,1
DA:98,3
DA:99,3
DA:100,1
DA:111,10
DA:112,10
DA:114,10
DA:115,4
DA:116,6
DA:117,1
DA:119,5
DA:130,1
DA:131,1
DA:140,5
DA:141,5
DA:151,1
DA:152,1
DA:153,1
DA:154,1
DA:155,1
DA:156,1
LF:61
LH:61
BRDA:56,0,0,2
BRDA:56,0,1,4
BRDA:61,1,0,4
BRDA:61,1,1,0
BRDA:79,2,0,2
BRDA:79,2,1,1
BRDA:85,3,0,1
BRDA:85,3,1,1
BRDA:99,4,0,1
BRDA:99,4,1,2
BRDA:114,5,0,4
BRDA:114,5,1,6
BRDA:114,6,0,10
BRDA:114,6,1,3
BRDA:114,6,2,8
BRDA:116,7,0,1
BRDA:116,7,1,5
BRF:17
BRH:16
end_of_record
TN:
SF:jugador.js
FN:9,(anonymous_0)
FN:20,(anonymous_1)
FN:30,(anonymous_2)
FN:38,(anonymous_3)
FNF:4
FNH:4
FNDA:18,(anonymous_0)
FNDA:19,(anonymous_1)
FNDA:23,(anonymous_2)
FNDA:2,(anonymous_3)
DA:10,18
DA:11,18
DA:12,18
DA:21,19
DA:22,19
DA:31,23
DA:39,2
DA:40,2
LF:8
LH:8
BRF:0
BRH:0
end_of_record
